
<HTML>
<HEAD>
<META HTTP-EQUIV="Content-Type" CONTENT="text/html; charset=utf-8">
</HEAD>
<BODY>

<ABR12><Literature><Giography-><1984><Book-><mo9rA-sAt[A(P)jrA><>mijA----><08351>

mo9rA sAt[A(P)jrA >mA(P)beSAnrA9rA kAhvin[i: ( mu:lA - mAhvAt[A(P)mA gAn[A(P)d[_hi: (*) >n[ubAd[AkA - >mijA kumA9rA d[AsA )
i bhAjA d[ekhu(R:09B5)A n[e ?
punrA9rApA9rA mAi 9rAJAkotrA A9ru po9rAbAn[A(P)d[_hA9rAloI gA'lo(CD) (*) mo9rA bA(CD)9ri: boUd[eukA
A9ru pA9rijAlA9rA An[A sAkAlAkA ijAt[A lAgA d[_hA9rilo(CD) (*)
d[AkA(P)SinrA AphA(P)9rikA9rA sAt[A(P)jrAgA(P)9rAhvA9rA sAmAjAt[A mAi pin[A(P)d[_hA pocAkA sAlAi loIchilo(CD) - jrAt[e
mo9rA pochAkA9rA lAgAt[A cAlAn[i: kuli:9rA @ko pA9rA(P)t[_hAkA(P)jrA n[At[_hAke (*) A9ru i(M)lAnrA(P)drAt[o ghA9rA9rA
bhit[A9rAt[A @n[ebid[_hA9rA sAJA-pochAkA mAi bA(P)jrA(R:09B5)hvA9rA kA9richilo(CD) (*) bomA(P)bAit[A n[AmibA9rA sAmAjAt[A
kAt[_hi(R:09B5)A9ri: pochAkA pin[A(P)d[_hichilo(CD) - d[_hut[i , cA9rA(P)trA , d[i:ghAlA kotrA A9ru @khAn[A sA9ru cAd[A9rA
sAkAlo bhA9rAt[i:jA milA9rA kApo9rA (*) kin[A(P)t[u mAi bomA(P)bAi9rApA9rA t[9r=t[i:jA SA(P)9renri:t[A jrAbA lAgibA
d[ekhi cAd[A9rA A9ru d[i:ghAlA cholA boJA hvA'bA buli bhAbichilo(CD) (*) @ibAbei @ikhin[i
kApo9rA @9rilo(CD) , kin[A(P)t[u AtRA >n[A pAicA khA9rAcA kA9ri @trA kASA(P)mi:9ri: trupi: kin[ichilo(CD) (*)
@n[ed[A9re pocAkA pin[A(P)d[_hilo(CD) , jrAt[e sAkAlo(R:09B5)e d[ukhi:jA mAn[uhvA buli d[_hA9re (*)
sei sAmAjAt[A pA(P)legA hvo(R:09B5)A bAbe t[9r=t[i:jA SA(P)9renri:9rA jrAt[A(P)9ri:sAkAlAkA bi:9rANA(P)gAmA n[AibA
(R:09B5)Ad[_hA(R:09B5)An[At[A drAkA(P)trA9ri: pA9ri:kA(P)SA kA9ro(R:09B5)A hvoIchilA (*) mo9rA sAmAn[A(P)jrA JA(P)(R:09B5)9rA hvoIchilA (*) mo9rA JA(P)(R:09B5)9rA
hvo(R:09B5)A d[ekhi pA9rid[A9rA(P)SAkAJAn[e 9rAJAkotrApA medrikelA >phicA9rA9rA ocA9rAt[A hvAJi9rA hvA'bAloI
kA'le A9ru t[eo(CD) mo9rA n[Amo lekhi lA'le (*)
mAi bA(P)jrA(R:09B5)d[_hAn[A hvoI jrAbA d[_hA9richo(CD) buli bod[_hAkA9ro(CD) kon[obAi khAbA9rA pAtRAichilA
mAt[ilAlA d[A9rA(P)Ji: n[AmA9rA @JAn[A khA(P)jrAt[An[AmA d[eSAse(R:09B5)kA Ahvi SA(P)trecAn[At[A mokA lAgA d[_hA9rile
bi:9rANA(P)gAmA9rA kASA(P)trAmAchA >phicA9rA sAmA(P)pA9rA(P)ke t[eo(CD) mokA JAn[Ale (*) ijAt[A 9relA(R:09B5)e jrAt[A(P)9ri:sAkAle bA9rA
d[ukhA bhun~A(P)JibAlAgi:jA hvAjA (*) gAt[A JA(P)(R:09B5)9rA t[_hAkAt[A mo9rA kAt[_hA kA'bAloI mAn[A jro(R:09B5)A n[AchilA ; cAmukoI
@SA9rA kAt[_hA hvoI SeSA kA9ribAloI bicA9richilo(CD) (*)
` Apun[i JeilAloI jrAbAloI sAJu Achen[e ? '
mAt[ilAlA9rA lAgAt[A kAt[_hA hvA'bA9rA AgAt[e t[eo(CD)kA n[AbhAbA n[icin[A(P)t[A @JAn[A ud[A(P)d[_hAt[A drekA
buli mAi bhAbichilo(CD) (*) kin[A(P)t[u mAt[ilAlA t[en[ebid[_hA9rA lokA n[AchilA (*) t[eo(CD) d[9r=dRA?bhA(R:09B5)e9re
soIt[e kA'le ,
`` Ami JeilAloIke jrAbAloI sAJu , jrAd[ihve Apun[i AmAkA cAlAbAloI gAt[A lAjA (*)
kAt[_hi(R:09B5)A9ri: hvo(R:09B5)At[A Apon[A9rA opA9rAt[A AmA9rAhve pA(P)9rAt[_hAmA d[Abi: Ache (*) >(R:09B5)SA(P)jre
Apon[AkA @t[ijA ijAt[A AtrAkA kA9ribAloI bicA9rA n[Ai (*) kin[A(P)t[u ubhAt[ibA9rA bAtrAt[A ijAt[A
t[_hAkibAloI buli pA(P)9rAt[iSA(P)9rut[i d[ijAkA (*) Apun[i AmA9rA drekAsAkAlA9rA kAmA A9ru mAn[obAlA
d[ekhi bhAlA pA(R:09B5) (*) Apon[A9rA AhvA(P)(R:09B5)An[At[A Ami kAmAt[A lAgimA buli Apun[i
biSA(P)(R:09B5)AsA kA9rAkA (*) "
mAt[ilAle mokA JAjA kA9rile (*) t[eo(CD) lAgA9ri:jAJAn[e t[eo(CD)kA SAlAgi kA'le ,
`` AmA9rA bAn[A(P)d[_huJAn[A @JAn[A d[A9rA(P)Ji: , t[eo(CD) n[iJA9rA bid[A(P)jrAt[A imAn[A pAkoIt[A jre d[in[e @ghAnrA(P)trA
kAmA kA9ri t[eo(CD) mAhvekAt[A 15 trAkA >n[AjAse upA9rA(P)JAn[A kA9ribA pA9re (*) A9ru @ikhin[i
hvA'lei t[eo(CD)kA A(CD)tre (*) bAki:khin[i sAmAjA t[eo(CD) 9rAiJA9rA se(R:09B5)At[A d[ije (*) SikA(P)SAt[A Ami
AgA bAdRA?A , t[At[_hApi t[eo(CD)hve AmAkA sAkAloke cAlAjA (*) "
ijA9rA pAchAt[A mAi mAt[ilAlA9rA lAgAt[A ghAn[iSA(P)tRA sA(M)sA(P)pA9rA(P)SAt[A Ahvichilo(CD) (*) mAi d[ekhilo(CD)
jre t[eo(CD)9rA sAmA(P)pA9rA(P)ke kA9rA pA(P)9rASA(M)sA >t[i9rAn~A(P)Jit[A n[AchilA (*) t[eo(CD) pA(P)9rAt[i mAhvAt[e keid[in[AmAn[AkoI
AmA9rA n[At[un[AkoI pAt[A ASA(P)9rAmAt[A t[_hAki lA'9rA-cho(R:09B5)Ali:hvA(CD)t[AkA d[A9rA(P)Ji:9rA kAmA SikAbAloI lA'le
A9ru ASA(P)9rAmA9rA cilAi9rA kAmo lA'le (*) bi:9rANA(P)gAmA sAmA(P)pA9rA(P)ke pA(P)9rAt[id[in[e t[eo(CD) mokA JAn[AbAhvi (*)
jrAt[A(P)9ri:sAkAle bhun~A(P)JA d[ukhA-kASA(P)trA t[eo(CD)9rA pAkA(P)Se >sAhvAn[i:jA hvoIchilA (*) kin[A(P)t[u bhA9rA drekAkAlAt[e
hvAtRAt[e bemA9rAt[A pA9ri t[eo(CD)9rA m9r=t[A(P)jru hvA'lA - ijAt[A (R:09B5)Ad[_hA(R:09B5)An[A9rA 9rAJAhvu(R:09B5)A Ji:(R:09B5)n[A9rA jrAt[_heSA(P)trA
kA(P)SAt[i hvoIchilA (*)
9rAJAkotrA pAi pAchAd[in[A pu(R:09B5)A mAi medrikelA >phicA9rAJAn[A9rA ocA9rAt[A hvAJi9rA
hvA'lo (*) t[eo(CD)9rA ocA9rAt[A mAi >pA9ricit[A n[Achilo(CD) (*) drAkA(P)trA9rAgA9rAki:je lAJA pAle A9ru
in~A(P)cApekA(P)trAJAn[A9rA opA9rAt[A t[eo(CD)9rA khA(M) utRilA (*) @ikhin[i9rA pA(P)9rAjoJAn[A n[AchilA-in~A(P)cApekA(P)trA9rAJAn[e
n[iJA9rA kA9rA(P)t[AbA(P)jrAhve kA9richilA (*) t[eo(CD)t[o mokA n[AJAn[e - A9ru n[AJAn[ileo bA , t[eo(CD)
ijA9rA >n[A(P)jrAt[_hA kA9rAtro ucit[A n[AhvA'lAhve(CD)t[en[A (*) medrikelA >phicA9rAgA9rAki:je AgAloI
mokA @id[A9re hvAJi9rA n[id[ibAloI kA'le (*) bA9rAn~A(P)cA mo9rA ocA9rAloI t[eo(CD) drAkA(P)trA9rA pAtRAbA buli
trAn[i kA'le (*) @n[esAmAjAt[A sA(P)(R:09B5)AsA(P)t[_hA(P)jrA9rA phAlA9rApA9rA t[9r=t[i:jA SA(P)9renri:9rA jrAt[A(P)9ri:sAkAlA9rA pA9rid[A9rA(P)SAn[A
kA9rAtro n[it[An[A(P)t[A pA(P)9rAjoJAn[i:jA kAmA (*) jrAd[i drANA9rA mAn[uhve t[9r=t[i:jA SA(P)9renri:t[A phu9ribAloI bAchi
lAjA , t[eo(CD)lokA9rA pAd[AmA9rA(P)jrAd[A jrimAn[ei okhA n[AhvokA , t[eo(CD)loke sA(P)(R:09B5)-icA(P)chAt[A d[ukhi:jA
mAn[uhvA9rA opA9rAt[A pA(P)9rAjogA hvo(R:09B5)A sAkAlo n[ijAmA mAn[Atro ucit[A (*) A9ru kA9rA(P)mAcA9ri:sAkAleo
n[i9rApekA(P)SAbhA(R:09B5)e @i n[ijAmAbo9rA t[eo(CD)lokA9rA opA9rAt[A pA(P)9rAjogA kA9rA ucit[A (*) t[9r=t[i:jA SA(P)9ren[i:9rA
jrAt[A(P)9ri:sAkAlAkA mAn[uhvA9rA d[A9re bA(P)jrA(R:09B5)hvA9rA mAkA9ri gA9ru-chAgAli:9rA d[A9re bA(P)jrA(R:09B5)hvA9rA kA9re , @je mo9rA
>bhiJA(P)n~At[A hvoIche (*) t[AjA-hvA(CD)jA kA9ri >(R:09B5)JA(P)n~A9rA su9rAt[A kAt[_hAt[o kAbAi A9ru kon[obAi
pA(P)9rAt[A(P)jrut[A(P)t[A9rA d[ile t[o 9rAkA(P)SA n[Ai (*) t[9r=t[i:jA SA(P)9renri:9rA jrAt[A(P)9ri:je kA9rA(P)mAcA9ri:9rA sAkAlo kAt[_hA pAlAn[e
kA9ribA , jren[A t[eo(CD)9rA n[ikin[A golAmA (*) bAhvut[o kA9rA(P)mAcA9ri:jeo t[eo(CD)9rA pA(P)9rAhvA9rA A9ru
gAli-gAlAJA n[i9rA(P)bibAd[e kA9re (*) trikAtrAkhAn[A d[io(CD)t[eo imAn[A >subid[_hAt[A pelAjA jre
ket[ijAbA trA(P)9rein[o hve9ru(R:09B5)AbAlAgi:jAt[A pA9re (*) @ibilAkA ghAtrAn[A mAi n[iJA cAku9re d[ekhA (*)
jret[ijAloIke SikA(P)Sit[A SA(P)9renri:9rA loke sA(P)(R:09B5)-icA(P)cAt[A d[ukhi:jA9rA SA9ri:t[A n[iJAkA pelAi
d[ukhi:jAsAkAlA bAn~A(P)cit[A hvo(R:09B5)A sukhA-subhid[_hAbilAkA @9ri d[ukhA-kASA(P)trA lAghu-lAn~A(P)chAn[A gAt[A pAt[i
lAbAloI A9ru @ibilAkA9rA pA(P)9rAt[ikA9rA kA9ribAloI sAJu n[AhvAjA , t[et[ijAloIke ijA9rA
sA(M)sA(P)kA9rA sAmA(P)bhA(R:09B5) n[AhvAjA (*)
mAi kAt[_hi(R:09B5)A9ri:loI jro(R:09B5)At[A bi:9rANA(P)gAmA9rA ` kASA(P)trAmAchA '9rA d[ukhA-kASA(P)trA9rA kAt[_hA Sun[ibAloI pAlo(CD) (*)
lA9rA(P)drA (R:09B5)ili(M)drAn[e d[ijA ASA(P)(R:09B5)AsA @t[ijA kAmAt[A lAgAbAloI mAi sA(P)t[i9rA kA9rilo(CD) (*) @i sAmA(P)pA9rA(P)ke
jrA(R:09B5)t[i:jA kit[ApA-pAt[A(P)9rA bicA9ri pAdRA?ibAloI lAlo(CD) (*) @i >bhijrogAbilAkA9rA jre bhAlA bhit[A(P)t[i
Ache , sei sAmA(P)pA9rA(P)ke pAt[ijAn[A hvoI bomA(P)bAi gAbhA9rA(P)nrAmenrA(P)trA9rA lAgAt[A lekhA-lekhi A9rAmA(P)bhA
kA9rilo(CD) (*) lA9rA(P)drA (R:09B5)ili(M)drAn[A9rAkA pA(P)9rAibhetrA cekA(P)9retrA9ri:9rA lAgAt[A d[ekhA hvA'lo(CD)goI (*) A9ru pAchAt[A
lAtrA chAhvAbA9rA lAgAt[o d[ekhA kA9rilo(CD)goI (*) t[eo(CD) sAhvAn[ubhut[i JAn[Ale ; kin[A(P)t[u d[ilA(P)li:9rA gAt[A
sAkAlo d[oSA JApile (*) `` @itrot[A AmA9rA hvAt[At[A t[_hAkA hvA'le be9rAkhAn[A t[uli d[ukhA gucAbA
pA9rilAlo(CD)hve(CD)t[en[A (*) Apun[i bhA9rAt[A gAbhA9rA(P)nrAmenrA(P)trA9rA ocA9rA cApAkA " - ijAke t[eo(CD)9rA
cekA(P)9retrA9ri:je kA'le (*) //
kumA(P)bhAmelA :
ijA9rA pAchAt[A drAkA(P)trA9rA mehvAt[AkA lAgA pAbAloI mAi 9reNA(P)gun[AloI gA'lo(CD) (*) bAtrAt[A kAlikAt[At[A
9rA'lo(CD) sA(P)(R:09B5)9rA(P)gi:jA bAbu bhupen[A(P)d[A(P)9rAn[At[_hA bAsu9rA AlAhvi: hvoIchilo(CD) (*) ijAt[A bANAli:9rA At[it[_hA(P)jrA9rA
cA9rAmA pAicilA (*) @i sAmAjAt[A mAi sAmA(P)pu9rA(P)nrA phAlAbhoJi: Achilo(CD) , ghA9rA9rA t[i9rot[AsAkAle
gotrei 9rAt[i bAhvi bAd[AmAbo9rA gucAi t[_hAbA , bhA9rAt[i:jA 9ri:t[it[A phAlAbilAkA kAtri bAchi
t[_hAbA (*) mo9rA lAgA9ri:jAsAkAlA9rA bAbe kimAn[A bid[_hA9rA upAd[ejA AhvA9rA9rA bA(P)jrA(R:09B5)sA(P)t[_hA kA9ribA , mo9rA
lA'9rA 9rAmAd[Aso mo9rA lAgAt[A AchilA (*) mA9rAmA9rA At[it[_hA(P)jrA9rA gunrAgA(P)9rAhvi: hvA'leo , gotrei
ghA9rA-ghA9ru(R:09B5)A d[ui t[in[iJAn[A AlAhvi:kA sod[_hA-melAt[A lAgi t[_hAkAtro mo9rA bAbe >sAhvAn[i:jA
hvoIcilA (*) kin[A(P)t[u @t[ijAloIke @n[ebid[A9rA mA9rAmA9rA >t[A(P)jrAcA9rA9rA hvAt[A sA9ribAloI @ko
upAjA d[ekA n[Achilo(CD) (*)
9reNA(P)gun[AloI jro(R:09B5)A JAhvAJAt[A mAi mukAli drekA9rA jAt[A(P)9ri: hvoIchilo(CD) (*) SA(P)9ri:jut[A bAsu9rA
ghA9rAt[A jrid[A9re mo9rA opA9rAt[A d[ijA >t[ipAt[A mAn[ojrogAt[A >subid[_hA pAichilo(CD) , @t[ijA
JAhvAJAt[A t[9r=t[i:jA SA(P)9ren[i:9rA jrAt[A(P)9ri: hvicApe mukAli drekAt[A goI drekA9rA jrAt[A(P)9ri:je po(R:09B5)A
sAd[_hA9rAnrA subid[_hAbilAkA9rApA9rAo bAn~A(P)cit[A hvo(R:09B5)Atro AmA9rA >d[9r=SA(P)trAt[A ghAtrilA (*) gA d[_ho(R:09B5)A
kotrAli9rA n[AmAt[A jitro khotrAli AchilA , seitro sAhvibA n[o(R:09B5)A9rA bA(R:09B5)e @pA9riSA(P)kA9rA ,
pAikAn[A d[u9rA(P)gAn[A(P)d[_hAt[A n[A9rAkAkunrA(P)drA ; pAikAn[A9rA mAJijAt[A cA9riokASe SoUcA pecAbA , t[AloI
jrAbAloI hvA'le khAcAki jAbA lAgibA , n[AhvA'le JApijAi jrAbA lAgibA (*)
9rANA(P)gAmA(M)sA9rA SA9ri:9rAt[A @itro >sAhvAn[i:jA (*) ci:phA->phicA9rAJAn[AkA sAkAlo kAt[_hA
JAn[Alo(CD) ; kin[A(P)t[u phAlA @ko n[AhvA'lA (*) d[u9rA(P)gAn[A(P)d[_hA A9ru >pA9ricA(P)chAn[A(P)n[At[A9rA @i chAbikhAn[A sAmA(P)pu:9rA(P)nrA9ru:pe
putrAi t[ulibAloI kibA >bA(R:09B5) hvA'le , seitro gucAichilA jrAt[A(P)9ri:sAkAlA9rA sA(P)(R:09B5)bhA(R:09B5)e (*) jrA't[e
bAhviche t[A't[e t[_hu(R:09B5)Aice , kho(R:09B5)A9rA pAchAt[A cu(R:09B5)A chAtrijAi bAhvA tRAi9rA cA9riokASA let[e9rA
kA9ri t[_hoIche (*) t[AmolA9rA bAkAli pelAiche , n[AibA d[_hApAt[A hvupi cilimA9rA po9rA-d[_hApAt[A
pelAiche (*) kon[ophAle cAku d[ibA n[o(R:09B5)A9ri , t[At[e sAkAlo9re cin~A9rA-bAkhA9rA (*) jri jrimAn[A
pA9re tRAi Ju9ri bAhvibAloI jrAt[A(P)n[A kA9riche (*) n[iJA9rA d[ehvAt[AkoIo t[eo(CD)lokA9rA lAgA9rA bAjA-bAsA(P)t[u(R:09B5)e
tRAi sA9rAhvAkoI Agu9rice (*) d[ud[in[A @id[A9re kAtRo9rA pA9ri:kA(P)SA9rA mAJAt[A pA9rA hvA'bAlAgi:jA hvA'lA (*)
9reNA(P)gun[A pAi JAhvAJA komA(P)pAn[i:9rA @JenrA(P)trAkA sAkAlo kAt[_hA JAn[Ai @khAn[A citRi
lekilo(CD) (*) @i citRikhAn[A9rA bAbe A9ru drAkA(P)trA9rA mehvAt[A9rA ceSA(P)trAt[A ubhAt[i drekAt[A
simAn[A >sAhvAn[i:jA >(R:09B5)sA(P)t[_hA hvo(R:09B5)A n[AchilA (*)
phAlAbhoJi: hvo(R:09B5)At[A 9reNA(P)gun[At[o mo9rA khAd[A(P)jrA jrogA9rA kA9ro(M)t[e gi9ri:hvA(CD)t[e >t[i9rikA(P)t[A
bokA(P)t[A kA'bAlAgi:jA hvoIchilA (*) kin[A(P)t[u drAkA(P)trA9rA mehvAt[A9rA ghA9rAkhAn[A n[iJA9rA ghA9rA9rA d[A9re hvo(R:09B5)At[A
AhvA9rA9rA t[AlikAt[A AdrA?mA(P)bA9rAt[A gucAbAloI sAmA9rA(P)t[_hA hvA'lo (*) kin[A(P)t[u AhvA9rA(P)jrAbAsA(P)t[u9rA sA(M)khA(P)jrAt[A
hvA@trA si:mA bAn[A(P)d[_hi n[id[ijAt[A bA JibhA A9ru cAku(R:09B5)e bAsA(P)t[u9rA jrogAn[A n[ijAn[A(P)t[A(P)9rAnrA kA9rAt[A milA
hvo(R:09B5)A n[AchilA (*) kho(R:09B5)A9rA @trA n[i9rA(P)d[_hA9rit[A sAmAjA n[AchilA (*) bA(P)jrAkA(P)t[igAt[AbA(R:09B5)e gAd[_huli hvA'bA9rA
AgAt[e seSA9rA AhvA9rA kho(R:09B5)Atro pAchAn[A(P)d[A kA9ro(CD) (*) kin[A(P)t[u AtRA-n[A bAJA9rA AgAt[e n[ijAmA
mAt[e sAn[A(P)d[_hijA9rA bhoJA po(R:09B5)Atro trAn[A (*)
@i bAchA9rA 1915 cAn[A - @i bAchA9rei hvA9rid[A(P)(R:09B5)A9rAt[A 12 bAchA9rA9rA pAchAt[A kumA(P)bhAmelA
hvAhvo(R:09B5)A9rA kAt[_hA (*) @i melA cAbAloIko mo9rA hve(CD)pAhvA AchilA (*) biSeSAkoI gu9rukulAt[A
mAhvAt[A(P)mA mun[A(P)si:9rAmAJi:kA lAgA pAbAloI mAi bA(P)jrAgA(P)9rA hvoIchilo(CD) (*) gokelA9rA sAmit[ije @trA
drANA9rA se(R:09B5)kAbAhvin[i: @i kumA(P)bhAmelAloI pAtRAicilA (*) @i d[AlA9rA gu9rijAlA AchilA pAnrA(P)drit[A
hv9r=d[AjAn[At[_hA kun~A(P)JA9ru , A9ru sA(P)(R:09B5)9rA(P)gi:jA drAkA(P)trA9rA d[eu medrikelA >phicA9rA AchilA (*) t[eo(CD)lokAkA
sAhvAjA kAkA9ribAloI phin[ikA(P)sA9rA d[AlAtrokA mAt[i pAtRAlo(CD) (*) mAgAn[AlAlA gAn[A(P)d[_hi: it[ipu:9rA(P)be gA'lei (*)
9reNA(P)gun[A9rApA9rA ubhAt[i Ahvi mAjo @i d[AlAtro9rA lAgA hvA'lo(CD)hvi (*)
kAlikAt[A9rApA9rA hvA9rid[A(P)(R:09B5)A9rAloI >hvAtro bA9rA pA9ri:kA(P)SA9rA kAt[_hA hvoIchilA (*) ket[ijAbA trA(P)9rein[A9rA
khotrAlibilAkAt[A cAki n[At[_hAkibA (*) chAhvA9rAnrApu9rA9rApA9rA AmAkA mAlAgAdrA?i:t[A JApi d[ijA
hvA'lA , ijA9rA opA9rAt[A cAlA n[Ai , d[upA9ri:jA9rA pA(P)9rAcAnrA(P)drA 9rA'd[A mu9rAt[A loI A9ru t[Alu(R:09B5)At[A 9rA'd[A9rA
t[ApA9rA t[ApAt[A hvo(R:09B5)A lo9rA mAJijAt[A Ami siJi Ahvilo(CD) (*) pijAhvAt[A At[u9rA hvoIo @n[e
trA(P)9rein[A9rA jrAt[A(P)9ri: go9rA hvin[A(P)d[usAkAlAkA @tropA pAn[i: khu(R:09B5)AbA pA9rA n[Achilo(CD) - jrAd[ihve >n[ApAn[i:
mAchulAmAn[i: pAn[i: hvAjA (*) jret[ijAloIke hvin[A(P)d[upAn[i: n[ApAjA , t[et[ijAloIke @id[A9re drei-pu9ri
t[_hAkio @tropA pAn[i: n[okho(R:09B5)AkoI t[_hAkibA (*) @i kAt[_hASA9rA mAn[At[A 9rAkhibA lAgibA jre
@ibilAkA hvin[A(P)d[u(R:09B5)ei bemA9rA9rA sAmAjAt[A jret[ijA drAkA(P)trA9re bA(P)9rAnrA(P)dri: n[AibA gA9ru mANAhvA9rA cu9ruhvA
oUSAd[_hAt[A d[ije , t[et[ijA t[eo(CD)loke n[osod[_he drAkA(P)trA9rA9rA lAgA9rA kAmA(P)pAunrA(P)drA9rAJAn[A muchAlAmAn[A
n[e kh9r=SA(P)trAn[A (*)
SAn[A(P)t[in[iket[An[At[A t[_hAkA kAlAt[A @trA SikA(P)SA pAichilo(CD) jre bhA9rAt[AbA9rA(P)SAt[A Ami
met[A9rA9rA kAmA kA9rAt[A biSeSAbhA(R:09B5)e mAn[A d[ibA lAgibA (*) @t[ijA hvA9rid[A(P)(R:09B5)A9rAt[A se(R:09B5)kAsAkAlA9rA
kAt[_hA -melA9rA bAbe d[_hA9rAmASAlA9rA ocA9rAt[A t[AmA(P)bu hvoIchilA A9ru drAkA(P)trA9rA d[e(R:09B5)e pAikhAn[A9rA
bAbe kichumAn[A gA(CD)t[A khAn[AichilA (*) t[eo(CD) @ibilAkA cAbAloI kichumAn[A d[A9rAmAhvA kho(R:09B5)A met[A9rA9rA
opA9rAt[A n[i9rA(P)bhA9rA kA9richilA (*) d[ekhilo(CD) ijAt[eit[o kin[ikA(P)sA d[AlAtro9rA kAmA pA9ri Ache (*)
SoUcA pecAbA Ad[i mAtri9re dRAki t[_hA'bAloI gAt[A lA'lo(CD) (*) jrAd[io mAi gAt[A loIchilo(CD) , kin[A(P)t[u
mAgAn[AlAlet[e kAmAtro kA9rile (*) mo9rA kAmA hvoIchilA t[AmA(P)but[A bAhvi jrAt[A(P)9ri:sAkAlAkA d[A9rA(P)SAn[A d[ijA
A9ru t[eo(CD)lokA9rA lAgAt[A d[_hA9rA(P)mA AlocAn[A kA9rA (*) mo9rA n[iJA9rA buli @trA muhvu:9rA(P)t[o n[AchilA (*)
gA d[_hubAloI jrAo(CD) , d[A9rA(P)SAn[A pA(P)9rA9rA(P)t[_hi:sAkAle ijAt[o n[e9re , khAbAloI bAhvo(CD) , ijAt[o
t[eo(CD)loke mokA n[e9re (*) hvA9rid[A(P)(R:09B5)A9rAt[ei mAi buJibA pA9rilo(CD) jre d[AkA(P)SinrA AphA(P)9rikAt[A mAi
jri kAmA kA9richilo(CD) sei kAme bhA9rAt[AbAsi:9rA mAn[At[A ki d[A9re d[AkoI sA(CD)cA bAhvu(R:09B5)AichilA (*)
kin[A(P)t[u @n[e @trA >(R:09B5)sA(P)t[_hAt[A t[_hAkibAloIn[o kon[e bhAlA pAbA ? mo9rA mAn[At[A hvA'bAloI
d[_hA9rile jren[A mAi @phAle >t[_hAi sAgA9rA , An[ApAle gili khAbAloI khed[i >hvA bi9rAtrA
d[oIt[A(P)jrA - @i d[ujotrA9rA mAJAt[A jren[A pA9richA(CD) (*) t[9r=t[i:jA SA(P)9renri:9rA 9relA9rA jrAt[A(P)9ri: hvicApe kotri
kotri n[A9rA-n[A9ri:je bhun~A(P)JA-d[u9rA(P)gAt[it[A pA9ro(CD)t[e kon[eo mokA cin[i po(R:09B5)A n[AchilA (*)
mo9rA n[AmA Sun[A d[A9rA(P)SAn[AkANA(P)kA(P)Si:sAkAle mokA @id[A9re Agu9ri t[_hAkA >(R:09B5)sA(P)t[_hA - @i d[utrA9rA
bhit[A9rAt[A kon[Atro bechi kASA(P)trAd[AjAkA AchilA , mAi seitro n[i9rA(P)nrAjA kA9ribA n[o(R:09B5)A9ro(CD) (*) >n[A(P)t[At[A:
@itro mAi JAn[o jre ` d[A9rA(P)SAn[A(R:09B5)AlA'sAkAlA9rA moloI >n[A(P)d[_hA mA9rAmA d[ekhi mo9rA khA(M) utRichilA
A9ru >n[A(P)t[A9rAt[A d[ukhA pAichilo(CD) (*) kin[A(P)t[u 9relAt[A phu9ro(CD)t[e SA9ri:9rikA kASA(P)trA pAichilo(CD) , t[At[A
khA(M) utrA n[AchilA , bA9rAn~A(P)cA mo9rA mAn[AloI pA(P)9re9rAnrA A9ru bAlA AhvichilA (*)
@i sAmAjAt[A jrA't[e t[A't[e phu9ribAloI mo9rA gAt[A SAkA(P)t[i AchilA ; A9ru soUbhAgA(P)jrAkA(P)9rAme
t[et[ijAloIkeo imAn[A JAn[AJAt[A n[Achilo(CD) jre bAtrAt[A moloI kon[obAi cAku d[ibA (*)
@id[A9re >n[Ai bAn[Ai phu9ro(CD)t[e jrAt[A(P)9ri:sAkAlA9rA d[_hA9rA(P)mAbhAbAt[AkoI t[eo(CD)lokA9rA >mAn[ojrogA ,
t[eo(CD)lokA9rA bhAnrA(P)drAmi , t[eo(CD)lokA9rA @lAhvA , @ibilAkei mo9rA cAkut[A pA9rilA (*) @i sAd[_hu9rA
d[AlA hvA9rid[A(P)(R:09B5)A9rAloI n[Ami Ahviche , Ji:(R:09B5)n[A9rA sAkAlo bhAlA bAsA(P)t[ubilAkA bhogA kA9ribAloI jren[A
t[eo(CD)lokA9rA JAn[A(P)mA hvoIche (*) //
AmA9rA pA9ri:kA(P)SA :
ASA(P)9rAmAkhAn[A pAt[A keimAhvAmAn[A hvoIche mAt[_hon[A , @n[et[e mAi ASA n[AkA9rA @trA
pA9ri:kA(P)SAt[A pA9rilo(CD) (*) SA(P)9ri:>m9r=t[AlAlA tRAkA(P)kA9rA9rApA9rA @i mA9rA(P)me @khAn[A citRi pAlo(CD) , `` sAJA
sA(P)(R:09B5)bhA(R:09B5)9rA bin[Aji: >sA(P)p9r=SA(P)jrA pA9rijAlA @trA Apon[A9rA ASA(P)9rAjAt[A somAbA bicA9re , Apun[i
lA'bAn[e ? "
mo9rA mAn[A ugulA-t[_hugulA hvA'lA (*) imAn[A son[AkAle >m9r=t[AlAlA tRAkA(P)kA9rA9rA d[A9re @JAn[A
lokA9rApA9rA cin[Aki -pAt[A(P)9rA loI AmA9rA ASA(P)9rAjAt[A somAbAloI @trA >sA(P)p9r=SA(P)jrA pA9rijAlA
AhvibA buli ASA kA9rA n[Achilo(CD) (*) citRikhAn[A sAkAlo sAhvAkA9rA(P)mi:kA d[ekhu(R:09B5)Alo(CD) (*) t[eo(CD)loke
@n[e @trA pA(P)9rAsA(P)t[A(R:09B5) sAd[A9ri lA'le (*)
sei pA9rijAlAtro9rA sAkAlo loke ASA(P)9rAmA9rA n[ijAmAmAt[e n[ijAmAmAt[e cAlibAloI mAn[A(P)t[i hvA'le
t[eo(CD)lokAkA Ami ASA(P)9rAmAt[A lAmA buli SA(P)9ri:>m9r=t[AlAlA tRAkA(P)kA9rAloI ut[A(P)t[A9rA d[ilo(CD) (*)
pA9rijAlAt[A t[in[iJAn[A lokA AchilA - d[ud[AbhAi , t[eo(CD)9rA ghoInri: d[An[i:ben[A A9ru
t[eo(CD)lokA9rA cho(R:09B5)Ali: lAkA(P)SA(P)mi: (*) lAkA(P)SA(P)mi: t[et[ijA ke(CD)cu(R:09B5)A (*) d[ud[AbhAje bomA(P)bAit[A SikA(P)SAkA9rA
kAmA kA9richilA (*) t[eo(CD)loke ASA(P)9rAmA9rA n[ijAmA(R:09B5)li: mAn[ibAloI sA(P)(R:09B5)i:kA9rA kA9rAt[A t[eo(CD)lokAkA
ASA(P)9rAmAt[A lo(R:09B5)A hvA'lA (*)
t[eo(CD)lokAkA ASA(P)9rAmAt[A lo(R:09B5)At[A jrisAkAlA bAn[A(P)d[u(R:09B5)e ASA(P)9rAmAkA sAhvAjA kA9ri AchilA ,
t[eo(CD)lokA9rA mAJAt[A >lApA cAn~A(P)cAlA(P)jrA AhvilA (*) pon[At[e >subid[_hA hvA'lA ku(CD)(R:09B5)Atro loI (*)
pAn[i:9rA ku(CD)(R:09B5)Atro bANAlAtro9rA gA9rAki:9rA t[At[A(P)(R:09B5)A(R:09B5)d[_hAn[At[A AchilA (*) jriJAn[A lokA @i ku(CD)(R:09B5)A9rApA9rA
pAn[i: t[olA9rA d[Ajit[A(P)(R:09B5)t[A AchilA , t[eo(CD) bA9rA ApAt[A(P)t[i kA9ribAloI d[_hA9rile (*) AmA9rA
bAlA(P)tri:9rApA9rA pAn[i:9rA chitrikAn[i pA9rile t[eo(CD) >Sud[A(P)d[_hA hvA'bA (*) seibAbe t[eo(CD) AmAkA
gAli-SApAn[i pA9ribAloI d[_hA9rile A9ru d[ud[AbhAikA jrAn[A(P)t[A(P)9rAnrA d[ibAloI d[_hA9rile (*) mAi sAkAloke @i
mAn[uhvAtro9rA gAli-gAlAJA jren[e t[en[e sAhvi t[_hAkibAloI kA'lo(CD) A9ru t[A9rA kAt[_hAloI mAn[A
n[AkA9ri jren[A pAn[i: An[i t[_hAkA hvAjA (*) mAn[uhvAtro(R:09B5)e jret[ijA d[ekhile jre t[A9rA gAli-SApAn[it[A
AmA9rA khA(M) n[utRe A9ru t[eo(CD)ko olotrAi AmA9rA kon[o mAn[uhve gAli n[ApA9re , t[et[ijA
si n[iJei lAJA pAle A9ru AmAkA AmAn[i kA9ribAloI @9rile (*)
Ami jri A9rA(P)t[_hikA sAhvAjA pAi Achilo(CD) , sAkAlo @t[ijA JAn[ibA bAn[A(P)d[_hA hvA'lA (*) jriJAn[A
bAn[A(P)d[_hu(R:09B5)e @JAn[A >sA(P)p9r=SA(P)jrAi ASA(P)9rAmA9rA n[ijAmA(R:09B5)li: pAlAn[A kA9ribA pA9ribAn[e buli pA(P)9rASA(P)n[A kA9richilA
t[eo(CD) t[et[ijAo bhAbA n[AchilA jre kon[obA >sA(P)p9r=SA(P)jrAi @n[ed[A9re ASA(P)9rAmA9rA n[ijAmAmA(R:09B5)li: pAlAn[A
kA9ribAloI gAt[A loI ASA(P)9rAmAt[A somAbA (*)
A9rA(P)t[_hikA sAhvAjA bAn[A(P)d[_hA hvo(R:09B5)A9rA lAge lAge Ami ghun[ukA-ghAn[AkAkoI Sun[ibAloI pAlo(CD) jre
AmAkA sAmAJA9rApA9rA cA(P)jrut[A kA9ribA (*) Ami @ibilAkA9rA kA9rAnre sAJu Achilo(CD) (*) mAi
sAhvAkA9rA(P)mi:sAkAlAkA kA'lo(CD) jre AmAkA sAmAJA9rApA9rA bAd[A d[ileo A9ru sAkAlo subid[_hA9rApA9rA
AmAkA bAn~A(P)cit[A kA9rileo Ami jren[A AhvAmAd[AbAd[A @9ri n[AjrAo(CD) (*) bA9rAn~A(P)cA Ami >sA(P)p9r=SA(P)jrAsAkAlA
t[_hAkA trAiloI goI t[eo(CD)lokA9rA lAgAt[A t[_hAki n[iJA9rA n[iJA9rA SA9ri:9rikA pA9riSA(P)9rAmA9re Ji:(R:09B5)ikA upA9rA(P)JAn[A
kA9ro(CD) (*)
@n[eku(R:09B5)A @trA >(R:09B5)sA(P)t[_hAloI Ami Ahvilo(CD) jre @d[in[A mAgAn[AlAlA gAn[A(P)d[_hi:je mokA
JAn[Alehvi , `` AmA9rA A9ru pu(CD)Ji n[Ai , >hvA mAhvA9rA khA9rAcA9rA bAbe @ko n[Ai (*) "
mAi lAhvekoI mAt[A d[ilo(CD) , `` Ami t[en[A(P)t[e >sA(P)p9r=SA(P)jrAbilAkA t[_hAkA trAiloIke jrAmA (*) "
@n[e @trA kAtRo9rA pA9ri:kA(P)SAt[A pA9rA @itro(R:09B5)ei pA(P)9rAt[_hAmA n[AhvAjA (*) sAkAlo sAmAjAt[e
bhAgA(R:09B5)An[e SehvA muhvu:9rA(P)t[At[A moloI sAhvAjA pAtrAjA (*) n[AgAn[AlAle mokA sAt[A9rA(P)kA hvA'bAloI JAn[An[i:
d[ijA9rA keid[in[AmAn[A pAchAt[e ASA(P)9rAmA9rA sA9ru lA'9rA @tri Ahvi kA'le jre @JAn[A chetRe mAtrA9rA
gAdrA?i:t[A mokA lAgA pAbAloI bAhvi9rAt[A 9roI Ache (*)
`` mAi Apon[A9rA ASA(P)9rAmAt[A >lApA sAhvAjA d[ibAloI icA(P)chA kA9ro(CD) , Apun[i gA(P)9rAhvAnrA
kA9ribAn[e ? @id[A9re t[eo(CD) kA'le (*)
`` n[iSA(P)cAjA (*) kA'bAloI ki , mo9rA hvAt[At[A @t[ijA d[_hAn[A n[ohvo(R:09B5)A hvoIche (*) " mAi kA'lo (*)
`` mAi kAliloI @i sAmAjAt[A ijAloI AhvimA (*) Apun[i t[_hAkibAn[e ? " t[eo(CD) kA'le (*)
`` hvAjA mAi t[_hAkimA " buli ko(R:09B5)At[A t[eo(CD) guci gA'lA (*)
pAchAd[in[A tRikA n[i9rA(P)d[iSA(P)trA sAmAjAt[A mAtrA9rA gAdrA?i:khAn[A ASA(P)9rAjA9rA sAn[A(P)mukhAt[A 9roI bA(CD)hvi: bAJAle (*)
@i bAt[A9ri loI lA'9rA-cho(R:09B5)Ali:hvA(CD)t[A lA9ri AhvilA (*) chetRA ASA(P)9rAmA9rA bhit[A9rAloI n[AhvilA (*)
mAi bAhvi9rAloI olAi goI t[eo(CD)kA d[ekhA d[ilo(CD) (*) t[eo(CD) mo9rA hvAt[At[A 13 hvAJA9rA trAkA9rA
n[otrA kichumAn[A gAt[Ai d[i guci gA'lA (*)
mAi @n[ed[A9re @trA sAhvAjA pAbAloI AsA kA9rA n[Achilo(CD) (*) sAhvAjA kA9ribAloI ki
>bhin[AjA upAjA (*) @i mAn[uhvAJAn[A AgAt[e ket[ijAo ASA(P)9rAmAloI >hvA n[AchilA (*) mo9rA
jrimAn[A d[u:9rA mAn[At[A pA9re , @o(CD)kA mAi A9ru pAchAt[A lAgA po(R:09B5)A n[Achilo(CD) (*) >hvA n[AibA
>n[usAn[A(P)d[_hAn[A kA9rA , @ko n[Ai , sAhvAjA d[i >n[A(P)t[A9rA(P)d[_hAn[A hvo(R:09B5)A ! mo9rA bAbe @itro @trA
>bhin[A(R:09B5) >bhiJA(P)?n~At[A (*) @i sAhvAjA po(R:09B5)At[A >sA(P)p9r=SA(P)jrAsAkAlA9rA kAt[_hA tRAiloI JAn[ibA jro(R:09B5)Atro
bA9rA(P)t[AmAn[AloI pichA hvuhvAkilA (*) @bAchA9rAloI n[i9rApAd[A hvA'lo(CD) buli AmA9rA mAn[At[A hvA'le (*)
jren[ekoI bAhvi9rAt[A d[_humuhvA hvA'bA d[_hA9riche , seid[A9re ASA(P)9rAmA9rA bit[A9rAt[o d[_humuhvA hvoIchilA (*)
d[AkA(P)SinrA AphA(P)9rikAt[A t[_hAko(CD)t[e bAhvut[o >sA(P)p9r=SA(P)jrA bAn[A(P)d[_hu Ahvi AchilA A9ru t[eo(CD)loke mo9rA
ghA9rAt[A @kelAge t[_hAkA-melA kA9ri AchilA , mo9rA ghoInri: A9ru An[A An[A t[i9rot[AsAkAle
ASA(P)9rAmAt[A >sA(P)p9r=SA(P)jrA somo(R:09B5)At[A jrimAn[A bhAlA po(R:09B5)A n[AchilA (*) d[An[i:9ren[AloI t[eo(CD)lokA9rA
gh9r=nrA n[A'hvAleo mo9rA cAku A9ru kAnre t[eo(CD)lokA9rA ud[Asi:n[At[A d[_hA9rA pelAle (*) A9rA(P)t[_hikA
>subid[_hAt[A mo9rA jrAt[_heSA(P)trA d[uSA(P)cin[A(P)t[A hvoIchilA (*) kin[A(P)t[u @t[ijA ASA(P)9rAmA9rA bhit[A9rAt[A hvo(R:09B5)A @i
kAt[_hASA9rA sAhvA(P)jrA kA9rAtro mo9rA pAkA(P)Se bA9rA trAn[A hvA'lA (*) d[An[i:ben[A @gA9rAki: sAmAn[A(P)jrA t[i9rot[A
AchilA (*) d[ud[AbhAi >lApA lekhA pAdRA?A9rA hvA'leo @JAn[A sAJA cA9rit[A(P)9rA9rA lokA AchilA (*)
mAi t[eo(CD)9rA sAhviSA(P)nrut[A d[ekhi bhAlA pAlo(CD) (*) >(R:09B5)SA(P)jre t[eo(CD) sAmAje sAmAje >gA(P)n[iSA9rA(P)mA hvoI
utRichilA , kin[A(P)t[u mutRAt[e t[eo(CD)9rA d[_hoI9rA(P)SA A9ru sAhviSA(P)nrut[A d[ekhi bhAlA pAlo(CD) (*) sA9ru-su9rA
>pAmAn[AloI mAn[A n[AkA9ribAloI mAi t[eo(CD)kA kA'lo(CD) (*) t[eo(CD) @n[e kA9ribAloI jre n[iJei
ke(R:09B5)lA mAn[A(P)t[i hvA'lA seitro n[AhvAjA , t[eo(CD)9rA ghoInri:jekAko @n[e kA9ribAloI mAn[A(P)t[i kA9rAle (*)
@i pA9rijAlAtrokA sumu(R:09B5)Atro ASA(P)9rAmA9rA bAbe @trA drANA9rA SikA(P)SA hvA'lA (*) Ad[it[e
Ami sAkAlo(R:09B5)e d[ekhu(R:09B5)Alo(CD) jre AmA9rA ASA(P)9rAmAt[A >sA(P)p9r=SA(P)jrAt[A mAn[i cAlA n[AhvAjA (*) jri sAkAle
ASA(P)9rAmAkA sAhvAjA kA9ribAloI gAt[A loIchilA , t[eo(CD)lokA @t[ijA sAt[A9rA(P)kA hvA'lA A9ru @i kA(P)Set[A(P)9rAt[A
ASA(P)9rAme kAmA kA9rAtro uJu hvoI pA9rilA (*) A9ru godrA?A hvin[A(P)d[usAkAle ASA(P)9rAmA9rA kA(P)9rAmAt[A(P) bAdRA?i
>hvA khA9rAcA jrogAi t[_hAkAtro(R:09B5)e >sA(P)p9r=SA(P)jrAt[A9rA mulA SipAdrAlA lA9rAiche buli sucAn[A
kA9rile (*) >(R:09B5)SA(P)jre @i kAt[_hASA9rA9rA bAhvi9reo An[A bAhvut[o kAt[_hAi ijA9rA pA(P)9rAmAnrA d[ichilA (*)
kin[A(P)t[u ASA(P)9rAmAt[A Ami >sA(P)p9r=SA(P)jrAsAkAlA9rA soIt[e @ke lAge kho(R:09B5)A-melA kA9rA sAt[A(P)t[A(P)(R:09B5)eo
t[eo(CD)loke ASA(P)9rAmAt[A sAhvAjA kA9ribAloI kunrA(P)tRit[A hvo(R:09B5)A n[AchilA (*) >sA(P)p9r=SA(P)jrAt[A sAmA(P)pA9rA(P)ke
sAmAJikA bod[_hA >lApA sAlAn[i hvo(R:09B5)A buli @i kAt[_hASA9rei bhAlAkoI pA(P)9rAmAnrA kA9rile (*)
@i biSAjAtro9rA lAgAt[A sAmA(P)pA9rA(P)kA t[_hAkA bAhvut[o kAt[_hA @t[ijA bAd[A d[ibAlAgi:jA hvo(R:09B5)At[A
mAi beJA9rA pAicho(CD) (*) @i pA(P)9rAd[_hAn[A kAt[_hASA9rA9rA pA9rA s9r=SA(P)tri hvo(R:09B5)A An[A An[A sA9ru sA9ru
sAmAsA(P)jrAbilAkA Ami ken[ekoI pA9rA hvA'lo(CD) , A9ru @i pA(P)9rAsANA(P)gA9rA lAgAt[A sAmAn~A(P)JAsA(P)jrA t[_hAkA A9ru
sAt[A(P)jrA9rA pA9ri:kA(P)SA9rA lAgAt[A sAmA(P)pA9rA(P)kA t[_hAkA An[A bAhvut[o kAt[_hA @t[ijA @9ribA lAgA hvA'lA (*)
jribilAkA >d[_hA(P)jrAjA @t[ijA lekhimA , seibilAko @i ke9ronrA9rA hvAt[A sA9ribA
n[o(R:09B5)A9re (*) bAhvut[o lAgAt[ijAlA kAt[_hA @t[ijA @9ribAlAgi:jA hvoIche (*) kA9rAnrA @ikhAn[A
n[AtrAkA9rA bAhvut[o cA9rit[A(P)9rA @t[ijAo Ji:jAi Ache A9ru t[eo(CD)lokA9rA >n[umAt[i n[ohvo(R:09B5)AkoI
t[eo(CD)lokA9rA lAgAt[A sA(M)SA(P)liSA(P)trA t[_hAkA bAhvut[o ghAtrAn[A(R:09B5)li: ulA(P)lekhA kA9rAtro ucit[A n[AhvAbA (*) @t[ijA
t[eo(CD)lokA9rA >n[umAt[i lo(R:09B5)A sAmA(P)bhA(R:09B5) n[AhvAjA , A9ru sAmAje sAmAje t[eo(CD)lokA9rA n[AmA olo(R:09B5)A
>d[_hA(P)jrAjAbilAkA Sud[_hAbA9rAloI t[eo(CD)lokAloI pAtRo(R:09B5)Ao sAmA(P)bhA(R:09B5) n[AhvAjA (*) t[A9rA bAhvi9reo @n[e
@khAn[A At[A(P)mA-Ji:(R:09B5)n[i:t[A @i upAjA lo(R:09B5)Atro9ro pA(P)9rAjoJAn[A n[Ai (*) seibAbe ijA9rA
pAchA9rA n[elekho(CD) ; kin[A(P)t[u bhAgA(R:09B5)An[e mokA sAhvAjA kA9rile @i kAhvin[i: >sAhvAjrogA
An[A(P)d[olAn[AloIke lekhimA , @je mo9rA icA(P)chA (*) //
>hvi(M)sA9rA pA9ri:kA(P)SA :
mo9rA ud[A(P)d[eSA(P)jrA AchilA cAmA(P)pA9rAnrA9rA khet[ijAkAsAkAlA9rA >(R:09B5)sA(P)t[_hA >n[usAn[A(P)d[_hAn[A kA9rA A9ru n[i:lA
khet[i9rA mAlikAsAkAlA9rA bi9rud[A(P)d[_he 9rAjAt[A9rA >bhijrogA buJA (*) ijA9rA bAbe mAi hvAJA9rA
hvAJA9rA khet[ijAkAkA lAgA po(R:09B5)Atro pA(P)9rAjoJAn[A hvoIchilA (*) kin[A(P)t[u @i >n[usAn[A(P)d[_hAn[A A9rAmA(P)bhA
kA9rA9rA AgAt[e mAlikAsAkAlA9rA n[o ki kAt[_hA kA'bAlAgi:jA Ace , sei sAmA(P)pA9rA(P)ke JAn[Atro
>t[A(P)jA(R:09B5)SA(P)jrAki:jA kAt[_hA buli mAi bhAbilo(CD) (*) @ibAbe @i driNiJAn[A9rA kAmichAn[A9rA cAhvAbA9rA
lAgAt[A d[ekhA kA9rAtro sA(P)t[_hi9rA kA9rilo(CD) (*) mAi n[i:lA khet[i9rA mAlikA A9ru kAmichAn[A9rAloI
lekhAt[A d[ujo mokA t[eo(CD)lokA9rA lAgAt[A d[ekhA kA9ribAloI >n[umAt[i d[ile (*)
n[i:lAbAgicA9rA mAlikAsAkAlA9rA sAmit[i cekA(P)9retrA9ri:je mokA sA(P)pASA(P)trAkoI JAn[Ale jre mAi
@JAn[A bAhvi9rA mAn[uhvA , t[eo(CD)lokA9rA A9ru 9rAjAt[AsAkAlA9rA mAJAt[A somAbAloI mo9rA @ko
pA(P)9rAjoJAn[A n[Ai (*) kin[A(P)t[u jrAd[i kibA kAt[A JAn[AbAlAgi:jA Ache , t[en[A(P)t[e likhit[AbhA(R:09B5)e JAn[AbA
lAge (*) mAi lAhvekoI t[eo(CD)kA kA'lo(CD) jre mAi bAhvi9rA mAn[uhvA n[Ahvo(CD) A9ru 9rAjAt[AsAkAle
bicA9rile (*) t[eo(CD)lokA9rA >(R:09B5)sA(P)t[_hA sAmA(P)pA9rA(P)ke >n[usAn[A(P)d[_hAn[A kA9ribA9rA mo9rA >d[_hikA9rA Ache (*)
kAmichAn[A9rA9rA lAgAt[A d[ekhA kA9ro(CD)t[e t[eo(CD) mo9rA lAgAt[A d[Abi: d[i kAt[_hA hvA'lA A9ru
t[A(P)9rihvutrA9rApA9rA t[At[Alike olAi jrAbAloI mokA pA9rAmA9rA(P)SA d[ile (*) sAhvAkA9rA(P)mi:sAkAlAkA mAi
sAkAlo kAt[_hA JAn[Alo(CD) A9ru gAbhA9rA(P)nrAmenrA(P)tre mokA A9ru bechi AgA bAdRA?AbAloI n[id[ijA9rA
sAmA(P)bhA(R:09B5)n[A Ache bulio kA'lo(CD) (*) mAi bhAbA9rA AgAt[e mokA JelAloI n[ibA (*) mokA
gA(P)9repA(P)t[A9rA kA9rile mAt[ihvA9ri:t[A n[AibA bet[ijAt[A gA(P)9repA(P)t[A9rA hvo(R:09B5)Atro bhAlA hvA'bA (*) seibAbe
seibilAkA tRAiloI jrAt[_hAsAmA(P)bhA(R:09B5) son[AkAle jro(R:09B5)Atro bhAlA (*) @id[A9re t[eo(CD)lokAkA kA'lo(CD) (*)
t[A(P)9rihvutrA dribhiJAn[A9rA bhit[A9rAt[A cAmA(P)pA9rAnrA @khAn[A JilA A9ru mAt[ihvA9ri: ijA9rA sAd[A9rA tRAi (*)
9rAJAkumA9rA SukulA9rA t[_hAkA trAi bet[ijA9rA ocA9rAt[A (*) n[i:lAkutRi:bilAkA9rA ocA9rA9rA 9rAjAt[AsAkAlA
@i JilA9rA bhit[A9rAt[A sAbAt[AkoI d[ukhi:jA (*) 9rAJAkumA9rA SukulAi mAi goI t[eo(CD)lokA9rA
>(R:09B5)sA(P)t[_hA co(R:09B5)Atro bicA9richilA A9ru mAjo t[Ake kA9ribAloI ud[9r=gA(P)9ri:(R:09B5) hvoI Achilo(CD) (*)
sei d[in[Ai sAhvAkA9rA(P)mi:sAkAlAkA lAgAt[A loI mAi mAt[ihvA9ri:loI 9rAon[A hvA'lo(CD) bAbu
go9rAkA(P)SApA(P)9rAsAd[e t[eo(CD)9rA ghA9rAt[A AmAkA t[_hAkibAloI trAi d[ile , @itro AmA9rA d[_hA9rAmASAlA
hvA'lA (*) AmA9rA sAkAloke t[At[A n[Ad[_hA9re (*) mAt[ihvA9ri: cAhvA9rA9rApA9rA pA(CD)cA mAilA A(CD)t[A9rAt[A
@JAn[A 9rAjAt[A9rA opA9rAt[A bA9rA >t[A(P)jrAcA9rA hvoIche buli seid[in[Ai Ami Sun[ibAloI pAlo(CD) (*)
bAbu d[_hA9rAnri:d[_hA9rA pA(P)9rAsAd[AkA lAgAt[A loI Ami pAchAd[in[A pu(R:09B5)At[e t[eo(CD)kA cAbAloI jro(R:09B5)Atro
sA(P)t[_hi9rA hvA'lA (*) hvAt[i:t[A utRi sei tRAiloI Ami olAlo(CD) (*) guJA9rAtrAt[A gA9ru9rA gAdrA?i:
jrid[A9re sAd[_hA9rAnrA jrAn[A-bAhvAn[A , seid[A9re hvAt[i:9rA bAhvAn[A bihvA9rAt[A sAd[_hA9rAnrA kAt[_hA (*) Ami
Ad[_hA bAtrAmAn[A goIcho(CD) , @n[et[e pulicA cupA9rinrA(P)trenrA(P)drenrA(P)trA9rApA9rA bAt[A9ri loI @JAn[A mAn[uhve
AmAkA lAgA d[_hA9rile (*) t[eo(CD) kA'le jre cupA9rinrA(P)trenrA(P)drenrA(P)tre sAmA(P)bhASAnrA JAn[Aiche (*) kAt[_hA9rA
>9rA(P)t[_hA ki , mAi buJilo(CD) (*) AmA9rA gAn[A(P)t[AbA(P)jrA trAiloI d[_hA9rAnri:d[_hA9rA pA(P)9rAsAd[AkA jrAbAloI koI mAn[uhvAJAn[e
>n[A gho(CD)9rA9rA gAdrA?i:t[A utRilo(CD) (*) t[eo(CD) t[et[ijA t[At[Alike cAmA(P)pA9rAnrA @9ri guci jrAbAloI
@khAn[A n[otricA JA9ri kA9ri mo9rA t[_hAkA tRAit[A olAlAhvi (*) @i n[otricAkhAn[A je JA9ri kA9rA
hvoIche t[A9rA pA(P)9rApA(P)t[i sA(P)(R:09B5)i:kA9rA kA9ribAloI t[eo(CD) JAn[Ale (*) mAi n[otricAmAt[e mo9rA t[Ad[An[A(P)t[A SeSA
n[ohvo(R:09B5)AloIke cAmA(P)pA9rAnrA n[e9ro(CD) buli JAn[Alo(CD) (*) ijA9rA pAchAt[A cAmA(P)pA9rAnrA @9ri jrAbAloI
d[ijA hvukumA >mAn[A(P)jrA kA9rA9rA JAgA9rAt[A pichAd[in[A Ad[AlAt[A9rA bicA9rAt[A hvAJi9rA hvA'bAloI cAmAn[A
@khAn[A pAlo(CD) (*)
seid[in[A gotrei n[iSAtro sA9re t[_hAki citRi-pAt[A(P)9rA A9ru bAbu bA(P)9rAJAkiSo9rA pA(P)9rAsAd[AloI
n[i9rA(P)d[eSAd[i lekhilo(CD) (*)
@i n[otricA A9ru cAmAn[A9rA bAt[A9ri hvAbit[A Jui lAgAd[i cA9riophAle bijApi pA9rilA ;
seid[in[A mAt[ihvA9ri:t[A ket[ijAo n[ohvo(R:09B5)A n[opAJA kAt[_hA buli Sun[ibAloI pAlo(CD) (*)
go9rAkA(P)SAbAbu9rA ghA9rA A9ru Ad[AlAt[A mAn[uhvA9re n[Ad[_hA9rA hvA'lA (*) soUbhAgA(P)jrA kA(P)9rAme 9rAt[A9ri
bhit[A9rAt[e mAi sAkAlo kAmA SeSA kA9ri t[_hoIchilo(CD) (*) seibAbe @i JAn[At[AkA cAmA(P)bhAlibA
pA9rilo(CD) (*) sAhvAkA9rA(P)mi:sAkAle mo9rA jrAt[_heSA(P)tRA sAhvAjA hvA'lA (*) @i bi9rAtrA JAn[At[AkA n[ijAn[A(P)t[A(P)9rAnrA
kA9rA kAmAt[A t[eo(CD)lokA bA(P)jrAsA(P)t[A t[_hAkilA (*) kA9rAnrA mAi jrA'loIke jrAo(CD) , t[A'loIke @i
JAn[At[Ai mo9rA pichA lAjA (*)

</BODY>
</HTML>

